0 info it worked if it ends with ok
1 verbose cli [ 'node', '/usr/local/bin/npm', 'install', '-g', 'mup' ]
2 info using npm@2.11.3
3 info using node@v0.12.7
4 verbose install initial load of /usr/local/lib/package.json
5 verbose readDependencies loading dependencies from /usr/local/lib/package.json
6 silly cache add args [ 'mup', null ]
7 verbose cache add spec mup
8 silly cache add parsed spec { raw: 'mup',
8 silly cache add   scope: null,
8 silly cache add   name: 'mup',
8 silly cache add   rawSpec: '',
8 silly cache add   spec: '*',
8 silly cache add   type: 'range' }
9 silly addNamed mup@*
10 verbose addNamed "*" is a valid semver range for mup
11 silly addNameRange { name: 'mup', range: '*', hasData: false }
12 silly mapToRegistry name mup
13 silly mapToRegistry using default registry
14 silly mapToRegistry registry https://registry.npmjs.org/
15 silly mapToRegistry uri https://registry.npmjs.org/mup
16 verbose addNameRange registry:https://registry.npmjs.org/mup not in flight; fetching
17 verbose request uri https://registry.npmjs.org/mup
18 verbose request no auth needed
19 info attempt registry request try #1 at 11:30:55 PM
20 verbose request id 19e9ac297619347f
21 http request GET https://registry.npmjs.org/mup
22 http 200 https://registry.npmjs.org/mup
23 silly get cb [ 200,
23 silly get   { server: 'CouchDB/1.5.0 (Erlang OTP/R16B03)',
23 silly get     etag: '"3LTPQ5PD7851GA07IDPHA49NK"',
23 silly get     'content-type': 'application/json',
23 silly get     'cache-control': 'max-age=60',
23 silly get     'content-length': '79657',
23 silly get     'accept-ranges': 'bytes',
23 silly get     date: 'Wed, 18 Nov 2015 04:30:55 GMT',
23 silly get     via: '1.1 varnish',
23 silly get     age: '0',
23 silly get     connection: 'keep-alive',
23 silly get     'x-served-by': 'cache-atl6223-ATL',
23 silly get     'x-cache': 'MISS',
23 silly get     'x-cache-hits': '0',
23 silly get     'x-timer': 'S1447821055.721868,VS0,VE117',
23 silly get     vary: 'Accept' } ]
24 verbose get saving mup to /Users/GWFreak01/.npm/registry.npmjs.org/mup/.cache.json
25 silly addNameRange number 2 { name: 'mup', range: '*', hasData: true }
26 silly addNameRange versions [ 'mup',
26 silly addNameRange   [ '0.1.2',
26 silly addNameRange     '0.1.3',
26 silly addNameRange     '0.1.4',
26 silly addNameRange     '0.1.5',
26 silly addNameRange     '0.1.6',
26 silly addNameRange     '0.1.7',
26 silly addNameRange     '0.1.8',
26 silly addNameRange     '0.1.9',
26 silly addNameRange     '0.1.10',
26 silly addNameRange     '0.1.11',
26 silly addNameRange     '0.1.12',
26 silly addNameRange     '0.1.13',
26 silly addNameRange     '0.2.0',
26 silly addNameRange     '0.3.0',
26 silly addNameRange     '0.4.0',
26 silly addNameRange     '0.4.1',
26 silly addNameRange     '0.4.2',
26 silly addNameRange     '0.4.3',
26 silly addNameRange     '0.4.4',
26 silly addNameRange     '0.4.5',
26 silly addNameRange     '0.4.6',
26 silly addNameRange     '0.4.7',
26 silly addNameRange     '0.5.0',
26 silly addNameRange     '0.5.1',
26 silly addNameRange     '0.5.2',
26 silly addNameRange     '0.5.3',
26 silly addNameRange     '0.6.0',
26 silly addNameRange     '0.6.1',
26 silly addNameRange     '0.6.3',
26 silly addNameRange     '0.6.4',
26 silly addNameRange     '0.6.5',
26 silly addNameRange     '0.6.7',
26 silly addNameRange     '0.6.8',
26 silly addNameRange     '0.6.9',
26 silly addNameRange     '0.6.10',
26 silly addNameRange     '0.6.11',
26 silly addNameRange     '0.6.12',
26 silly addNameRange     '0.7.0',
26 silly addNameRange     '0.7.1',
26 silly addNameRange     '0.7.2',
26 silly addNameRange     '0.7.3',
26 silly addNameRange     '0.7.4',
26 silly addNameRange     '0.7.5',
26 silly addNameRange     '0.7.6',
26 silly addNameRange     '0.7.7',
26 silly addNameRange     '0.8.0',
26 silly addNameRange     '0.9.0',
26 silly addNameRange     '0.9.1',
26 silly addNameRange     '0.9.2',
26 silly addNameRange     '0.9.3',
26 silly addNameRange     '0.9.4',
26 silly addNameRange     '0.9.5',
26 silly addNameRange     '0.9.6',
26 silly addNameRange     '0.9.7',
26 silly addNameRange     '0.10.0',
26 silly addNameRange     '0.10.1',
26 silly addNameRange     '0.10.2',
26 silly addNameRange     '0.10.3',
26 silly addNameRange     '0.10.4',
26 silly addNameRange     '0.10.5',
26 silly addNameRange     '0.10.6',
26 silly addNameRange     '0.10.7',
26 silly addNameRange     '0.10.8',
26 silly addNameRange     '0.11.0',
26 silly addNameRange     '0.11.1',
26 silly addNameRange     '0.11.2',
26 silly addNameRange     '0.11.3' ] ]
27 silly addNamed mup@0.11.3
28 verbose addNamed "0.11.3" is a plain semver version for mup
29 silly mapToRegistry name mup
30 silly mapToRegistry using default registry
31 silly mapToRegistry registry https://registry.npmjs.org/
32 silly mapToRegistry uri https://registry.npmjs.org/mup
33 verbose addRemoteTarball https://registry.npmjs.org/mup/-/mup-0.11.3.tgz not in flight; adding
34 verbose addRemoteTarball [ 'https://registry.npmjs.org/mup/-/mup-0.11.3.tgz',
34 verbose addRemoteTarball   '080c14be32a0525efaba907a446e045e4d5eb0e1' ]
35 info retry fetch attempt 1 at 11:30:55 PM
36 info attempt registry request try #1 at 11:30:55 PM
37 http fetch GET https://registry.npmjs.org/mup/-/mup-0.11.3.tgz
38 http fetch 200 https://registry.npmjs.org/mup/-/mup-0.11.3.tgz
39 silly fetchAndShaCheck shasum 080c14be32a0525efaba907a446e045e4d5eb0e1
40 verbose addTmpTarball /var/folders/rz/tlzzbbgs2l50cpbfyd75w4840000gn/T/npm-7629-66fcd0f8/registry.npmjs.org/mup/-/mup-0.11.3.tgz not in flight; adding
41 verbose addTmpTarball already have metadata; skipping unpack for mup@0.11.3
42 silly cache afterAdd mup@0.11.3
43 verbose afterAdd /Users/GWFreak01/.npm/mup/0.11.3/package/package.json not in flight; writing
44 verbose afterAdd /Users/GWFreak01/.npm/mup/0.11.3/package/package.json written
45 silly install resolved [ { name: 'mup',
45 silly install resolved     version: '0.11.3',
45 silly install resolved     description: 'Production Quality Meteor Deployments',
45 silly install resolved     dependencies:
45 silly install resolved      { async: '^0.9.0',
45 silly install resolved        cjson: '0.3.x',
45 silly install resolved        colors: '0.6.x',
45 silly install resolved        nodemiral: '^1.1.1',
45 silly install resolved        rimraf: '2.x.x',
45 silly install resolved        underscore: '1.7.0',
45 silly install resolved        uuid: '1.4.x',
45 silly install resolved        archiver: '0.14.x' },
45 silly install resolved     bin: { mup: './bin/mup' },
45 silly install resolved     author:
45 silly install resolved      { name: 'Arunoda Susiripala',
45 silly install resolved        email: 'arunoda.susiripala@gmail.com' },
45 silly install resolved     repository: { type: 'git', url: 'git://github.com/arunoda/meteor-up.git' },
45 silly install resolved     license: 'MIT',
45 silly install resolved     gitHead: '91e33a24dc26e306f5bf10c319a57211dfc832b1',
45 silly install resolved     bugs: { url: 'https://github.com/arunoda/meteor-up/issues' },
45 silly install resolved     homepage: 'https://github.com/arunoda/meteor-up',
45 silly install resolved     _id: 'mup@0.11.3',
45 silly install resolved     scripts: {},
45 silly install resolved     _shasum: '080c14be32a0525efaba907a446e045e4d5eb0e1',
45 silly install resolved     _from: 'mup@*',
45 silly install resolved     _npmVersion: '2.14.3',
45 silly install resolved     _nodeVersion: '4.1.0',
45 silly install resolved     _npmUser: { name: 'arunoda', email: 'arunoda.susiripala@gmail.com' },
45 silly install resolved     dist:
45 silly install resolved      { shasum: '080c14be32a0525efaba907a446e045e4d5eb0e1',
45 silly install resolved        tarball: 'http://registry.npmjs.org/mup/-/mup-0.11.3.tgz' },
45 silly install resolved     maintainers: [ [Object] ],
45 silly install resolved     directories: {},
45 silly install resolved     _resolved: 'https://registry.npmjs.org/mup/-/mup-0.11.3.tgz' } ]
46 info install mup@0.11.3 into /usr/local/lib
47 info installOne mup@0.11.3
48 verbose installOne of mup to /usr/local/lib not in flight; installing
49 verbose lock using /Users/GWFreak01/.npm/_locks/mup-2c0f78d4aacbd233.lock for /usr/local/lib/node_modules/mup
50 silly install write writing mup 0.11.3 to /usr/local/lib/node_modules/mup
51 verbose unbuild lib/node_modules/mup
52 silly gentlyRm /usr/local/lib/node_modules/mup is being purged from base /usr/local
53 verbose gentlyRm don't care about contents; nuking /usr/local/lib/node_modules/mup
54 verbose tar unpack /Users/GWFreak01/.npm/mup/0.11.3/package.tgz
55 verbose tar unpacking to /usr/local/lib/node_modules/mup
56 silly gentlyRm /usr/local/lib/node_modules/mup is being purged
57 verbose gentlyRm don't care about contents; nuking /usr/local/lib/node_modules/mup
58 silly gunzTarPerm modes [ '755', '644' ]
59 error tar.unpack untar error /Users/GWFreak01/.npm/mup/0.11.3/package.tgz
60 verbose unlock done using /Users/GWFreak01/.npm/_locks/mup-2c0f78d4aacbd233.lock for /usr/local/lib/node_modules/mup
61 verbose fstream_path /usr/local/lib/node_modules/mup
62 verbose fstream_type Directory
63 verbose fstream_class DirWriter
64 verbose stack Error: EACCES, mkdir '/usr/local/lib/node_modules/mup'
64 verbose stack     at Error (native)
65 verbose fstream_stack /usr/local/lib/node_modules/npm/node_modules/fstream/lib/dir-writer.js:35:25
65 verbose fstream_stack /usr/local/lib/node_modules/npm/node_modules/mkdirp/index.js:47:53
65 verbose fstream_stack FSReqWrap.oncomplete (fs.js:95:15)
66 verbose cwd /Users/GWFreak01/Documents/T&L Automatics/SupplierManagementSystem
67 error Darwin 14.5.0
68 error argv "node" "/usr/local/bin/npm" "install" "-g" "mup"
69 error node v0.12.7
70 error npm  v2.11.3
71 error path /usr/local/lib/node_modules/mup
72 error code EACCES
73 error errno -13
74 error Error: EACCES, mkdir '/usr/local/lib/node_modules/mup'
74 error     at Error (native)
74 error  { [Error: EACCES, mkdir '/usr/local/lib/node_modules/mup']
74 error   errno: -13,
74 error   code: 'EACCES',
74 error   path: '/usr/local/lib/node_modules/mup',
74 error   fstream_type: 'Directory',
74 error   fstream_path: '/usr/local/lib/node_modules/mup',
74 error   fstream_class: 'DirWriter',
74 error   fstream_stack:
74 error    [ '/usr/local/lib/node_modules/npm/node_modules/fstream/lib/dir-writer.js:35:25',
74 error      '/usr/local/lib/node_modules/npm/node_modules/mkdirp/index.js:47:53',
74 error      'FSReqWrap.oncomplete (fs.js:95:15)' ] }
75 error Please try running this command again as root/Administrator.
76 verbose exit [ -13, true ]
77 verbose unbuild lib/node_modules/mup
78 silly gentlyRm /usr/local/lib/node_modules/mup is being purged from base /usr/local
79 verbose gentlyRm don't care about contents; nuking /usr/local/lib/node_modules/mup
